<?xml version="1.0" encoding="utf-8"?><testsuites name="pytest tests"><testsuite name="pytest" errors="0" failures="0" skipped="0" tests="5" time="2.796" timestamp="2026-08-21T10:27:46.525942+00:00" hostname="agent-env-c7ed0d26-357c-4f89-b938-d7adbc1556a1"><testcase classname="tests.test_admin_create_user" name="test_admin_create_user_success" time="0.878" /><testcase classname="tests.test_admin_create_user" name="test_admin_create_user_duplicate_email_400" time="0.368" /><testcase classname="tests.test_admin_create_user" name="test_non_admin_create_user_forbidden" time="0.396" /><testcase classname="tests.test_admin_create_user" name="test_create_user_short_password_422" time="0.075" /><testcase classname="tests.test_admin_create_user" name="test_new_user_can_login" time="0.618" /></testsuite></testsuites>